[0.430s] DEBUG:colcon:Command line arguments: ['/usr/bin/colcon', 'build', '--packages-select', 'turtle_sim_searcher']
[0.430s] DEBUG:colcon:Parsed command line arguments: Namespace(ament_cmake_args=None, base_paths=['.'], build_base='build', catkin_cmake_args=None, catkin_skip_building_tests=False, cmake_args=None, cmake_clean_cache=False, cmake_clean_first=False, cmake_force_configure=False, cmake_target=None, cmake_target_skip_unavailable=False, continue_on_error=False, event_handlers=None, executor='parallel', ignore_user_meta=False, install_base='install', log_base=None, log_level=None, main=<bound method BuildVerb.main of <colcon_core.verb.build.BuildVerb object at 0x7fde8783b3d0>>, merge_install=False, metas=['./colcon.meta'], packages_above=None, packages_above_and_dependencies=None, packages_above_depth=None, packages_end=None, packages_ignore=None, packages_ignore_regex=None, packages_select=['turtle_sim_searcher'], packages_select_build_failed=False, packages_select_by_dep=None, packages_select_regex=None, packages_select_test_failures=False, packages_skip=None, packages_skip_build_finished=False, packages_skip_by_dep=None, packages_skip_regex=None, packages_skip_test_passed=False, packages_skip_up_to=None, packages_start=None, packages_up_to=None, packages_up_to_regex=None, parallel_workers=8, paths=None, symlink_install=False, test_result_base=None, verb_extension=<colcon_core.verb.build.BuildVerb object at 0x7fde8783b3d0>, verb_name='build', verb_parser=<colcon_defaults.argument_parser.defaults.DefaultArgumentsDecorator object at 0x7fde87a2f190>)
[0.437s] Level 1:colcon.colcon_core.package_discovery:discover_packages(colcon_meta) check parameters
[0.438s] Level 1:colcon.colcon_core.package_discovery:discover_packages(recursive) check parameters
[0.438s] Level 1:colcon.colcon_core.package_discovery:discover_packages(ignore) check parameters
[0.438s] Level 1:colcon.colcon_core.package_discovery:discover_packages(path) check parameters
[0.438s] Level 1:colcon.colcon_core.package_discovery:discover_packages(colcon_meta) discover
[0.438s] Level 1:colcon.colcon_core.package_discovery:discover_packages(recursive) discover
[0.439s] INFO:colcon.colcon_core.package_discovery:Crawling recursively for packages in '/home/facestomperx/colcon_ws/src/turtle_sim_searcher'
[0.439s] Level 1:colcon.colcon_core.package_identification:_identify(.) by extensions ['ignore', 'ignore_ament_install']
[0.439s] Level 1:colcon.colcon_core.package_identification:_identify(.) by extension 'ignore'
[0.439s] Level 1:colcon.colcon_core.package_identification:_identify(.) by extension 'ignore_ament_install'
[0.440s] Level 1:colcon.colcon_core.package_identification:_identify(.) by extensions ['colcon_pkg']
[0.440s] Level 1:colcon.colcon_core.package_identification:_identify(.) by extension 'colcon_pkg'
[0.440s] Level 1:colcon.colcon_core.package_identification:_identify(.) by extensions ['colcon_meta']
[0.440s] Level 1:colcon.colcon_core.package_identification:_identify(.) by extension 'colcon_meta'
[0.440s] Level 1:colcon.colcon_core.package_identification:_identify(.) by extensions ['ros']
[0.440s] Level 1:colcon.colcon_core.package_identification:_identify(.) by extension 'ros'
[0.459s] DEBUG:colcon.colcon_core.package_identification:Package '.' with type 'ros.ament_python' and name 'turtle_sim_searcher'
[0.459s] Level 1:colcon.colcon_core.package_discovery:discover_packages(recursive) using defaults
[0.459s] Level 1:colcon.colcon_core.package_discovery:discover_packages(ignore) discover
[0.459s] Level 1:colcon.colcon_core.package_discovery:discover_packages(ignore) using defaults
[0.459s] Level 1:colcon.colcon_core.package_discovery:discover_packages(path) discover
[0.459s] Level 1:colcon.colcon_core.package_discovery:discover_packages(path) using defaults
[0.488s] Level 5:colcon.colcon_core.verb:set package 'turtle_sim_searcher' build argument 'cmake_args' from command line to 'None'
[0.488s] Level 5:colcon.colcon_core.verb:set package 'turtle_sim_searcher' build argument 'cmake_target' from command line to 'None'
[0.488s] Level 5:colcon.colcon_core.verb:set package 'turtle_sim_searcher' build argument 'cmake_target_skip_unavailable' from command line to 'False'
[0.488s] Level 5:colcon.colcon_core.verb:set package 'turtle_sim_searcher' build argument 'cmake_clean_cache' from command line to 'False'
[0.488s] Level 5:colcon.colcon_core.verb:set package 'turtle_sim_searcher' build argument 'cmake_clean_first' from command line to 'False'
[0.488s] Level 5:colcon.colcon_core.verb:set package 'turtle_sim_searcher' build argument 'cmake_force_configure' from command line to 'False'
[0.488s] Level 5:colcon.colcon_core.verb:set package 'turtle_sim_searcher' build argument 'ament_cmake_args' from command line to 'None'
[0.488s] Level 5:colcon.colcon_core.verb:set package 'turtle_sim_searcher' build argument 'catkin_cmake_args' from command line to 'None'
[0.488s] Level 5:colcon.colcon_core.verb:set package 'turtle_sim_searcher' build argument 'catkin_skip_building_tests' from command line to 'False'
[0.489s] DEBUG:colcon.colcon_core.verb:Building package 'turtle_sim_searcher' with the following arguments: {'ament_cmake_args': None, 'build_base': '/home/facestomperx/colcon_ws/src/turtle_sim_searcher/build/turtle_sim_searcher', 'catkin_cmake_args': None, 'catkin_skip_building_tests': False, 'cmake_args': None, 'cmake_clean_cache': False, 'cmake_clean_first': False, 'cmake_force_configure': False, 'cmake_target': None, 'cmake_target_skip_unavailable': False, 'install_base': '/home/facestomperx/colcon_ws/src/turtle_sim_searcher/install/turtle_sim_searcher', 'merge_install': False, 'path': '/home/facestomperx/colcon_ws/src/turtle_sim_searcher', 'symlink_install': False, 'test_result_base': None}
[0.489s] INFO:colcon.colcon_core.executor:Executing jobs using 'parallel' executor
[0.492s] DEBUG:colcon.colcon_parallel_executor.executor.parallel:run_until_complete
[0.493s] INFO:colcon.colcon_ros.task.ament_python.build:Building ROS package in '/home/facestomperx/colcon_ws/src/turtle_sim_searcher' with build type 'ament_python'
[0.493s] Level 1:colcon.colcon_core.shell:create_environment_hook('turtle_sim_searcher', 'ament_prefix_path')
[0.499s] INFO:colcon.colcon_core.plugin_system:Skipping extension 'colcon_core.shell.bat': Not used on non-Windows systems
[0.499s] INFO:colcon.colcon_core.shell:Creating environment hook '/home/facestomperx/colcon_ws/src/turtle_sim_searcher/install/turtle_sim_searcher/share/turtle_sim_searcher/hook/ament_prefix_path.ps1'
[0.500s] INFO:colcon.colcon_core.shell:Creating environment descriptor '/home/facestomperx/colcon_ws/src/turtle_sim_searcher/install/turtle_sim_searcher/share/turtle_sim_searcher/hook/ament_prefix_path.dsv'
[0.501s] INFO:colcon.colcon_core.shell:Creating environment hook '/home/facestomperx/colcon_ws/src/turtle_sim_searcher/install/turtle_sim_searcher/share/turtle_sim_searcher/hook/ament_prefix_path.sh'
[0.503s] INFO:colcon.colcon_core.shell:Skip shell extension 'powershell' for command environment: Not usable outside of PowerShell
[0.503s] DEBUG:colcon.colcon_core.shell:Skip shell extension 'dsv' for command environment
[0.508s] DEBUG:colcon.colcon_core.shell:Ignoring prefix path '/opt/ros/foxy'
[0.848s] INFO:colcon.colcon_core.task.python.build:Building Python package in '/home/facestomperx/colcon_ws/src/turtle_sim_searcher'
[0.851s] INFO:colcon.colcon_core.shell:Skip shell extension 'powershell' for command environment: Not usable outside of PowerShell
[0.851s] DEBUG:colcon.colcon_core.shell:Skip shell extension 'dsv' for command environment
[0.859s] DEBUG:colcon.colcon_core.shell:Ignoring prefix path '/opt/ros/foxy'
[0.871s] DEBUG:colcon.colcon_core.event_handler.log_command:Invoking command in '/home/facestomperx/colcon_ws/src/turtle_sim_searcher': PYTHONPATH=/home/facestomperx/colcon_ws/src/turtle_sim_searcher/install/turtle_sim_searcher/lib/python3.8/site-packages:${PYTHONPATH} /usr/bin/python3 setup.py egg_info --egg-base build/turtle_sim_searcher build --build-base /home/facestomperx/colcon_ws/src/turtle_sim_searcher/build/turtle_sim_searcher/build install --prefix /home/facestomperx/colcon_ws/src/turtle_sim_searcher/install/turtle_sim_searcher --record /home/facestomperx/colcon_ws/src/turtle_sim_searcher/build/turtle_sim_searcher/install.log --single-version-externally-managed
[1.318s] DEBUG:colcon.colcon_core.event_handler.log_command:Invoked command in '/home/facestomperx/colcon_ws/src/turtle_sim_searcher' returned '0': PYTHONPATH=/home/facestomperx/colcon_ws/src/turtle_sim_searcher/install/turtle_sim_searcher/lib/python3.8/site-packages:${PYTHONPATH} /usr/bin/python3 setup.py egg_info --egg-base build/turtle_sim_searcher build --build-base /home/facestomperx/colcon_ws/src/turtle_sim_searcher/build/turtle_sim_searcher/build install --prefix /home/facestomperx/colcon_ws/src/turtle_sim_searcher/install/turtle_sim_searcher --record /home/facestomperx/colcon_ws/src/turtle_sim_searcher/build/turtle_sim_searcher/install.log --single-version-externally-managed
[1.323s] Level 1:colcon.colcon_core.environment:checking '/home/facestomperx/colcon_ws/src/turtle_sim_searcher/install/turtle_sim_searcher' for CMake module files
[1.323s] Level 1:colcon.colcon_core.environment:checking '/home/facestomperx/colcon_ws/src/turtle_sim_searcher/install/turtle_sim_searcher' for CMake config files
[1.324s] Level 1:colcon.colcon_core.environment:checking '/home/facestomperx/colcon_ws/src/turtle_sim_searcher/install/turtle_sim_searcher/lib'
[1.324s] Level 1:colcon.colcon_core.environment:checking '/home/facestomperx/colcon_ws/src/turtle_sim_searcher/install/turtle_sim_searcher/bin'
[1.324s] Level 1:colcon.colcon_core.environment:checking '/home/facestomperx/colcon_ws/src/turtle_sim_searcher/install/turtle_sim_searcher/lib/pkgconfig/turtle_sim_searcher.pc'
[1.325s] Level 1:colcon.colcon_core.environment:checking '/home/facestomperx/colcon_ws/src/turtle_sim_searcher/install/turtle_sim_searcher/lib/python3.8/site-packages'
[1.325s] Level 1:colcon.colcon_core.shell:create_environment_hook('turtle_sim_searcher', 'pythonpath')
[1.326s] INFO:colcon.colcon_core.shell:Creating environment hook '/home/facestomperx/colcon_ws/src/turtle_sim_searcher/install/turtle_sim_searcher/share/turtle_sim_searcher/hook/pythonpath.ps1'
[1.327s] INFO:colcon.colcon_core.shell:Creating environment descriptor '/home/facestomperx/colcon_ws/src/turtle_sim_searcher/install/turtle_sim_searcher/share/turtle_sim_searcher/hook/pythonpath.dsv'
[1.327s] INFO:colcon.colcon_core.shell:Creating environment hook '/home/facestomperx/colcon_ws/src/turtle_sim_searcher/install/turtle_sim_searcher/share/turtle_sim_searcher/hook/pythonpath.sh'
[1.328s] Level 1:colcon.colcon_core.environment:create_environment_scripts_only(turtle_sim_searcher)
[1.329s] INFO:colcon.colcon_core.shell:Creating package script '/home/facestomperx/colcon_ws/src/turtle_sim_searcher/install/turtle_sim_searcher/share/turtle_sim_searcher/package.ps1'
[1.330s] INFO:colcon.colcon_core.shell:Creating package descriptor '/home/facestomperx/colcon_ws/src/turtle_sim_searcher/install/turtle_sim_searcher/share/turtle_sim_searcher/package.dsv'
[1.331s] INFO:colcon.colcon_core.shell:Creating package script '/home/facestomperx/colcon_ws/src/turtle_sim_searcher/install/turtle_sim_searcher/share/turtle_sim_searcher/package.sh'
[1.332s] INFO:colcon.colcon_core.shell:Creating package script '/home/facestomperx/colcon_ws/src/turtle_sim_searcher/install/turtle_sim_searcher/share/turtle_sim_searcher/package.bash'
[1.333s] INFO:colcon.colcon_core.shell:Creating package script '/home/facestomperx/colcon_ws/src/turtle_sim_searcher/install/turtle_sim_searcher/share/turtle_sim_searcher/package.zsh'
[1.334s] Level 1:colcon.colcon_core.environment:create_file_with_runtime_dependencies(/home/facestomperx/colcon_ws/src/turtle_sim_searcher/install/turtle_sim_searcher/share/colcon-core/packages/turtle_sim_searcher)
[1.336s] DEBUG:colcon.colcon_parallel_executor.executor.parallel:closing loop
[1.336s] DEBUG:colcon.colcon_parallel_executor.executor.parallel:loop closed
[1.338s] DEBUG:colcon.colcon_parallel_executor.executor.parallel:run_until_complete finished with '0'
[1.338s] DEBUG:colcon.colcon_core.event_reactor:joining thread
[1.347s] INFO:colcon.colcon_core.plugin_system:Skipping extension 'colcon_notification.desktop_notification.terminal_notifier': Not used on non-Darwin systems
[1.347s] INFO:colcon.colcon_core.plugin_system:Skipping extension 'colcon_notification.desktop_notification.win32': Not used on non-Windows systems
[1.347s] INFO:colcon.colcon_notification.desktop_notification:Sending desktop notification using 'notify2'
[1.376s] DEBUG:colcon.colcon_core.event_reactor:joined thread
[1.377s] INFO:colcon.colcon_core.shell:Creating prefix script '/home/facestomperx/colcon_ws/src/turtle_sim_searcher/install/local_setup.ps1'
[1.378s] INFO:colcon.colcon_core.shell:Creating prefix util module '/home/facestomperx/colcon_ws/src/turtle_sim_searcher/install/_local_setup_util_ps1.py'
[1.380s] INFO:colcon.colcon_core.shell:Creating prefix chain script '/home/facestomperx/colcon_ws/src/turtle_sim_searcher/install/setup.ps1'
[1.387s] INFO:colcon.colcon_core.shell:Creating prefix script '/home/facestomperx/colcon_ws/src/turtle_sim_searcher/install/local_setup.sh'
[1.389s] INFO:colcon.colcon_core.shell:Creating prefix util module '/home/facestomperx/colcon_ws/src/turtle_sim_searcher/install/_local_setup_util_sh.py'
[1.390s] INFO:colcon.colcon_core.shell:Creating prefix chain script '/home/facestomperx/colcon_ws/src/turtle_sim_searcher/install/setup.sh'
[1.395s] INFO:colcon.colcon_core.shell:Creating prefix script '/home/facestomperx/colcon_ws/src/turtle_sim_searcher/install/local_setup.bash'
[1.396s] INFO:colcon.colcon_core.shell:Creating prefix chain script '/home/facestomperx/colcon_ws/src/turtle_sim_searcher/install/setup.bash'
[1.401s] INFO:colcon.colcon_core.shell:Creating prefix script '/home/facestomperx/colcon_ws/src/turtle_sim_searcher/install/local_setup.zsh'
[1.402s] INFO:colcon.colcon_core.shell:Creating prefix chain script '/home/facestomperx/colcon_ws/src/turtle_sim_searcher/install/setup.zsh'
