[0.248s] Invoking command in '/home/facestomperx/colcon_ws/src/turtle_sim_searcher': PYTHONPATH=/home/facestomperx/colcon_ws/src/turtle_sim_searcher/install/turtle_sim_searcher/lib/python3.8/site-packages:${PYTHONPATH} /usr/bin/python3 setup.py egg_info --egg-base build/turtle_sim_searcher build --build-base /home/facestomperx/colcon_ws/src/turtle_sim_searcher/build/turtle_sim_searcher/build install --prefix /home/facestomperx/colcon_ws/src/turtle_sim_searcher/install/turtle_sim_searcher --record /home/facestomperx/colcon_ws/src/turtle_sim_searcher/build/turtle_sim_searcher/install.log --single-version-externally-managed
[0.462s] running egg_info
[0.464s] writing build/turtle_sim_searcher/turtle_sim_searcher.egg-info/PKG-INFO
[0.464s] writing dependency_links to build/turtle_sim_searcher/turtle_sim_searcher.egg-info/dependency_links.txt
[0.464s] writing entry points to build/turtle_sim_searcher/turtle_sim_searcher.egg-info/entry_points.txt
[0.465s] writing requirements to build/turtle_sim_searcher/turtle_sim_searcher.egg-info/requires.txt
[0.465s] writing top-level names to build/turtle_sim_searcher/turtle_sim_searcher.egg-info/top_level.txt
[0.496s] reading manifest file 'build/turtle_sim_searcher/turtle_sim_searcher.egg-info/SOURCES.txt'
[0.497s] writing manifest file 'build/turtle_sim_searcher/turtle_sim_searcher.egg-info/SOURCES.txt'
[0.497s] running build
[0.498s] running build_py
[0.498s] copying turtle_sim_searcher/grid_searcher.py -> /home/facestomperx/colcon_ws/src/turtle_sim_searcher/build/turtle_sim_searcher/build/lib/turtle_sim_searcher
[0.498s] running install
[0.498s] running install_lib
[0.499s] copying /home/facestomperx/colcon_ws/src/turtle_sim_searcher/build/turtle_sim_searcher/build/lib/turtle_sim_searcher/grid_searcher.py -> /home/facestomperx/colcon_ws/src/turtle_sim_searcher/install/turtle_sim_searcher/lib/python3.8/site-packages/turtle_sim_searcher
[0.500s] byte-compiling /home/facestomperx/colcon_ws/src/turtle_sim_searcher/install/turtle_sim_searcher/lib/python3.8/site-packages/turtle_sim_searcher/grid_searcher.py to grid_searcher.cpython-38.pyc
[0.502s] running install_data
[0.503s] running install_egg_info
[0.504s] removing '/home/facestomperx/colcon_ws/src/turtle_sim_searcher/install/turtle_sim_searcher/lib/python3.8/site-packages/turtle_sim_searcher-0.0.0-py3.8.egg-info' (and everything under it)
[0.505s] Copying build/turtle_sim_searcher/turtle_sim_searcher.egg-info to /home/facestomperx/colcon_ws/src/turtle_sim_searcher/install/turtle_sim_searcher/lib/python3.8/site-packages/turtle_sim_searcher-0.0.0-py3.8.egg-info
[0.505s] running install_scripts
[0.520s] Installing grid_searcher script to /home/facestomperx/colcon_ws/src/turtle_sim_searcher/install/turtle_sim_searcher/lib/turtle_sim_searcher
[0.521s] writing list of installed files to '/home/facestomperx/colcon_ws/src/turtle_sim_searcher/build/turtle_sim_searcher/install.log'
[0.542s] Invoked command in '/home/facestomperx/colcon_ws/src/turtle_sim_searcher' returned '0': PYTHONPATH=/home/facestomperx/colcon_ws/src/turtle_sim_searcher/install/turtle_sim_searcher/lib/python3.8/site-packages:${PYTHONPATH} /usr/bin/python3 setup.py egg_info --egg-base build/turtle_sim_searcher build --build-base /home/facestomperx/colcon_ws/src/turtle_sim_searcher/build/turtle_sim_searcher/build install --prefix /home/facestomperx/colcon_ws/src/turtle_sim_searcher/install/turtle_sim_searcher --record /home/facestomperx/colcon_ws/src/turtle_sim_searcher/build/turtle_sim_searcher/install.log --single-version-externally-managed
