[0.299s] Invoking command in '/home/facestomperx/colcon_ws/src/turtle_sim_searcher': PYTHONPATH=/home/facestomperx/colcon_ws/src/turtle_sim_searcher/install/turtle_sim_searcher/lib/python3.8/site-packages:${PYTHONPATH} /usr/bin/python3 setup.py egg_info --egg-base build/turtle_sim_searcher build --build-base /home/facestomperx/colcon_ws/src/turtle_sim_searcher/build/turtle_sim_searcher/build install --prefix /home/facestomperx/colcon_ws/src/turtle_sim_searcher/install/turtle_sim_searcher --record /home/facestomperx/colcon_ws/src/turtle_sim_searcher/build/turtle_sim_searcher/install.log --single-version-externally-managed
[0.540s] running egg_info
[0.540s] creating build/turtle_sim_searcher/turtle_sim_searcher.egg-info
[0.541s] writing build/turtle_sim_searcher/turtle_sim_searcher.egg-info/PKG-INFO
[0.541s] writing dependency_links to build/turtle_sim_searcher/turtle_sim_searcher.egg-info/dependency_links.txt
[0.542s] writing entry points to build/turtle_sim_searcher/turtle_sim_searcher.egg-info/entry_points.txt
[0.542s] writing requirements to build/turtle_sim_searcher/turtle_sim_searcher.egg-info/requires.txt
[0.543s] writing top-level names to build/turtle_sim_searcher/turtle_sim_searcher.egg-info/top_level.txt
[0.544s] writing manifest file 'build/turtle_sim_searcher/turtle_sim_searcher.egg-info/SOURCES.txt'
[0.577s] reading manifest file 'build/turtle_sim_searcher/turtle_sim_searcher.egg-info/SOURCES.txt'
[0.578s] writing manifest file 'build/turtle_sim_searcher/turtle_sim_searcher.egg-info/SOURCES.txt'
[0.578s] running build
[0.579s] running build_py
[0.579s] creating /home/facestomperx/colcon_ws/src/turtle_sim_searcher/build/turtle_sim_searcher/build
[0.579s] creating /home/facestomperx/colcon_ws/src/turtle_sim_searcher/build/turtle_sim_searcher/build/lib
[0.579s] creating /home/facestomperx/colcon_ws/src/turtle_sim_searcher/build/turtle_sim_searcher/build/lib/turtle_sim_searcher
[0.580s] copying turtle_sim_searcher/config.py -> /home/facestomperx/colcon_ws/src/turtle_sim_searcher/build/turtle_sim_searcher/build/lib/turtle_sim_searcher
[0.580s] copying turtle_sim_searcher/__init__.py -> /home/facestomperx/colcon_ws/src/turtle_sim_searcher/build/turtle_sim_searcher/build/lib/turtle_sim_searcher
[0.580s] copying turtle_sim_searcher/grid_searcher.py -> /home/facestomperx/colcon_ws/src/turtle_sim_searcher/build/turtle_sim_searcher/build/lib/turtle_sim_searcher
[0.581s] copying turtle_sim_searcher/utils.py -> /home/facestomperx/colcon_ws/src/turtle_sim_searcher/build/turtle_sim_searcher/build/lib/turtle_sim_searcher
[0.581s] running install
[0.583s] running install_lib
[0.584s] creating /home/facestomperx/colcon_ws/src/turtle_sim_searcher/install/turtle_sim_searcher/lib/python3.8/site-packages/turtle_sim_searcher
[0.584s] copying /home/facestomperx/colcon_ws/src/turtle_sim_searcher/build/turtle_sim_searcher/build/lib/turtle_sim_searcher/config.py -> /home/facestomperx/colcon_ws/src/turtle_sim_searcher/install/turtle_sim_searcher/lib/python3.8/site-packages/turtle_sim_searcher
[0.584s] copying /home/facestomperx/colcon_ws/src/turtle_sim_searcher/build/turtle_sim_searcher/build/lib/turtle_sim_searcher/__init__.py -> /home/facestomperx/colcon_ws/src/turtle_sim_searcher/install/turtle_sim_searcher/lib/python3.8/site-packages/turtle_sim_searcher
[0.584s] copying /home/facestomperx/colcon_ws/src/turtle_sim_searcher/build/turtle_sim_searcher/build/lib/turtle_sim_searcher/grid_searcher.py -> /home/facestomperx/colcon_ws/src/turtle_sim_searcher/install/turtle_sim_searcher/lib/python3.8/site-packages/turtle_sim_searcher
[0.584s] copying /home/facestomperx/colcon_ws/src/turtle_sim_searcher/build/turtle_sim_searcher/build/lib/turtle_sim_searcher/utils.py -> /home/facestomperx/colcon_ws/src/turtle_sim_searcher/install/turtle_sim_searcher/lib/python3.8/site-packages/turtle_sim_searcher
[0.584s] byte-compiling /home/facestomperx/colcon_ws/src/turtle_sim_searcher/install/turtle_sim_searcher/lib/python3.8/site-packages/turtle_sim_searcher/config.py to config.cpython-38.pyc
[0.585s] byte-compiling /home/facestomperx/colcon_ws/src/turtle_sim_searcher/install/turtle_sim_searcher/lib/python3.8/site-packages/turtle_sim_searcher/__init__.py to __init__.cpython-38.pyc
[0.586s] byte-compiling /home/facestomperx/colcon_ws/src/turtle_sim_searcher/install/turtle_sim_searcher/lib/python3.8/site-packages/turtle_sim_searcher/grid_searcher.py to grid_searcher.cpython-38.pyc
[0.588s] byte-compiling /home/facestomperx/colcon_ws/src/turtle_sim_searcher/install/turtle_sim_searcher/lib/python3.8/site-packages/turtle_sim_searcher/utils.py to utils.cpython-38.pyc
[0.588s] running install_data
[0.589s] creating /home/facestomperx/colcon_ws/src/turtle_sim_searcher/install/turtle_sim_searcher/share/ament_index
[0.589s] creating /home/facestomperx/colcon_ws/src/turtle_sim_searcher/install/turtle_sim_searcher/share/ament_index/resource_index
[0.589s] creating /home/facestomperx/colcon_ws/src/turtle_sim_searcher/install/turtle_sim_searcher/share/ament_index/resource_index/packages
[0.589s] copying resource/turtle_sim_searcher -> /home/facestomperx/colcon_ws/src/turtle_sim_searcher/install/turtle_sim_searcher/share/ament_index/resource_index/packages
[0.589s] copying package.xml -> /home/facestomperx/colcon_ws/src/turtle_sim_searcher/install/turtle_sim_searcher/share/turtle_sim_searcher
[0.589s] running install_egg_info
[0.593s] Copying build/turtle_sim_searcher/turtle_sim_searcher.egg-info to /home/facestomperx/colcon_ws/src/turtle_sim_searcher/install/turtle_sim_searcher/lib/python3.8/site-packages/turtle_sim_searcher-0.0.0-py3.8.egg-info
[0.595s] running install_scripts
[0.620s] Installing grid_searcher script to /home/facestomperx/colcon_ws/src/turtle_sim_searcher/install/turtle_sim_searcher/lib/turtle_sim_searcher
[0.621s] writing list of installed files to '/home/facestomperx/colcon_ws/src/turtle_sim_searcher/build/turtle_sim_searcher/install.log'
[0.642s] Invoked command in '/home/facestomperx/colcon_ws/src/turtle_sim_searcher' returned '0': PYTHONPATH=/home/facestomperx/colcon_ws/src/turtle_sim_searcher/install/turtle_sim_searcher/lib/python3.8/site-packages:${PYTHONPATH} /usr/bin/python3 setup.py egg_info --egg-base build/turtle_sim_searcher build --build-base /home/facestomperx/colcon_ws/src/turtle_sim_searcher/build/turtle_sim_searcher/build install --prefix /home/facestomperx/colcon_ws/src/turtle_sim_searcher/install/turtle_sim_searcher --record /home/facestomperx/colcon_ws/src/turtle_sim_searcher/build/turtle_sim_searcher/install.log --single-version-externally-managed
